<?xml version="1.0" encoding="UTF-8"?>
<!-- Generated by org.testng.reporters.JUnitReportReporter -->
<testsuite skipped="0" hostname="suvil-PC" name="com.fb.testcase.LoginTest" tests="1" failures="0" timestamp="29 Jul 2018 10:22:48 GMT" time="100.543" errors="0">
  <testcase name="logintest" time="100.543" classname="com.fb.testcase.LoginTest"/>
</testsuite> <!-- com.fb.testcase.LoginTest -->
